\BOOKMARK [0][-]{chapter.1}{\376\377\000\332\000v\000o\000d}{}% 1
\BOOKMARK [1][-]{section.1.1}{\376\377\000M\000u\000s\000\355\000m\000e\000\040\000m\000\355\000t\000\040\000c\000o\000\040\001\131\000\355\000c\000i}{chapter.1}% 2
\BOOKMARK [1][-]{section.1.2}{\376\377\000M\000u\000s\000\355\000m\000e\000\040\000v\001\033\000d\001\033\000t\000,\000\040\000k\000o\000m\000u\000\040\000t\000o\000\040\000c\000h\000c\000e\000m\000e\000\040\001\131\000\355\000c\000i}{chapter.1}% 3
\BOOKMARK [1][-]{section.1.3}{\376\377\000M\000u\000s\000\355\000m\000e\000\040\000s\000i\000\040\000d\000o\000k\000o\000n\000a\000l\000e\000\040\000p\000r\000o\000m\000y\000s\000l\000e\000t\000\040\000o\000b\000s\000a\000h}{chapter.1}% 4
\BOOKMARK [1][-]{section.1.4}{\376\377\000M\000u\000s\000\355\000m\000e\000\040\000p\000s\000\341\000t\000\040\000s\000t\000r\000u\000k\000t\000u\000r\000o\000v\000a\000n\001\033}{chapter.1}% 5
\BOOKMARK [0][-]{chapter.2}{\376\377\000P\000r\000o\000t\000e\000\355\000n\000y}{}% 6
\BOOKMARK [1][-]{section.2.1}{\376\377\000Z\000\341\000k\000l\000a\000d\000n\000\351\000\040\000r\000o\000z\000d\000e\000l\000e\000n\000i\000e\000\040\000p\000r\000o\000t\000e\000\355\000n\000o\000v}{chapter.2}% 7
\BOOKMARK [1][-]{section.2.2}{\376\377\000A\000m\000i\000n\000o\000k\000y\000s\000e\000l\000i\000n\000y}{chapter.2}% 8
\BOOKMARK [1][-]{section.2.3}{\376\377\000S\000y\000n\000t\000\351\000z\000a\000\040\000p\000r\000o\000t\000e\000\355\000n\000o\000v}{chapter.2}% 9
\BOOKMARK [1][-]{section.2.4}{\376\377\001\140\000t\000r\000u\000k\000t\000\372\000r\000a\000\040\000p\000r\000o\000t\000e\000\355\000n\000o\000v}{chapter.2}% 10
\BOOKMARK [0][-]{chapter.3}{\376\377\000V\000p\000l\000y\000v\000\040\000a\000m\000i\000n\000o\000k\000y\000s\000e\000l\000i\000n\000o\000v\000\375\000c\000h\000\040\000s\000u\000b\000s\000t\000i\000t\000\372\000c\000i\000\355\000\040\000n\000a\000\040\000s\000t\000a\000b\000i\000l\000i\000t\000u\000\040\000p\000r\000o\000t\000e\000\355\000n\000u}{}% 11
\BOOKMARK [1][-]{section.3.1}{\376\377\000S\000t\000a\000b\000i\000l\000i\000t\000a\000\040\000p\000r\000o\000t\000e\000\355\000n\000u}{chapter.3}% 12
\BOOKMARK [1][-]{section.3.2}{\376\377\000M\000u\000t\000\341\000c\000i\000e}{chapter.3}% 13
\BOOKMARK [2][-]{subsection.3.2.1}{\376\377\000V\000z\000n\000i\000k\000\040\000m\000u\000t\000\341\000c\000i\000\355}{section.3.2}% 14
\BOOKMARK [2][-]{subsection.3.2.2}{\376\377\000T\000y\000p\000y\000\040\000m\000u\000t\000\341\000c\000i\000\355}{section.3.2}% 15
\BOOKMARK [0][-]{chapter.4}{\376\377\000S\000t\000r\000o\000j\000o\000v\000\351\000\040\000u\001\015\000e\000n\000i\000e}{}% 16
\BOOKMARK [1][-]{section.4.1}{\376\377\000\332\000v\000o\000d\000\040\000d\000o\000\040\000s\000t\000r\000o\000j\000o\000v\000\351\000h\000o\000\040\000u\001\015\000e\000n\000i\000a}{chapter.4}% 17
\BOOKMARK [1][-]{section.4.2}{\376\377\000R\000o\000z\000h\000o\000d\000o\000v\000a\000c\000i\000e\000\040\000s\000t\000r\000o\000m\000y}{chapter.4}% 18
\BOOKMARK [2][-]{subsection.4.2.1}{\376\377\000A\000l\000g\000o\000r\000i\000t\000m\000u\000s\000\040\000J\0004\0008}{section.4.2}% 19
\BOOKMARK [2][-]{subsection.4.2.2}{\376\377\000A\000l\000g\000o\000r\000i\000t\000m\000u\000s\000\040\000N\000\341\000h\000o\000d\000n\000\375\000\040\000s\000t\000r\000o\000m\000\040\000\050\000R\000a\000n\000d\000o\000m\000\040\000T\000r\000e\000e\000\051}{section.4.2}% 20
\BOOKMARK [2][-]{subsection.4.2.3}{\376\377\000A\000l\000g\000o\000r\000i\000t\000m\000u\000s\000\040\000N\000\341\000h\000o\000d\000n\000\375\000\040\000l\000e\000s\000\040\000\050\000R\000a\000n\000d\000o\000m\000\040\000F\000o\000r\000e\000s\000t\000\051}{section.4.2}% 21
\BOOKMARK [1][-]{section.4.3}{\376\377\000S\000u\000p\000p\000o\000r\000t\000\040\000v\000e\000c\000t\000o\000r\000\040\000m\000a\000c\000h\000i\000n\000e\000s\000\040\000\050\000S\000V\000M\000\051}{chapter.4}% 22
\BOOKMARK [2][-]{subsection.4.3.1}{\376\377\000J\000a\000d\000r\000o\000v\000\351\000\040\000f\000u\000n\000k\000c\000i\000e}{section.4.3}% 23
\BOOKMARK [2][-]{subsection.4.3.2}{\376\377\000A\000l\000g\000o\000r\000i\000t\000m\000u\000s\000\040\000S\000M\000O}{section.4.3}% 24
\BOOKMARK [1][-]{section.4.4}{\376\377\000A\000l\000g\000o\000r\000i\000t\000m\000u\000s\000\040\000N\000a\000i\000v\000e\000\040\000B\000a\000y\000e\000s}{chapter.4}% 25
\BOOKMARK [1][-]{section.4.5}{\376\377\000E\000n\000s\000e\000m\000b\000l\000e\000\040\000m\000e\000t\000\363\000d\000y}{chapter.4}% 26
\BOOKMARK [1][-]{section.4.6}{\376\377\000T\000v\000o\000r\000b\000a\000\040\000e\000n\000s\000e\000m\000b\000l\000e\000\040\000s\000y\000s\000t\000\351\000m\000o\000v}{chapter.4}% 27
\BOOKMARK [2][-]{subsection.4.6.1}{\376\377\000B\000a\000g\000g\000i\000n\000g}{section.4.6}% 28
\BOOKMARK [2][-]{subsection.4.6.2}{\376\377\000B\000o\000o\000s\000t\000i\000n\000g}{section.4.6}% 29
\BOOKMARK [1][-]{section.4.7}{\376\377\000N\000\341\000s\000t\000r\000o\000j\000e\000\040\000p\000r\000e\000\040\000p\000r\000e\000d\000i\000k\000c\000i\000u\000\040\000s\000t\000a\000b\000i\000l\000i\000t\000y\000\040\000v\000y\000u\001\176\000\355\000v\000a\000j\000\372\000c\000e\000\040\000s\000t\000r\000o\000j\000o\000v\000\351\000\040\000u\001\015\000e\000n\000i\000e}{chapter.4}% 30
\BOOKMARK [0][-]{chapter.5}{\376\377\000T\000y\000p\000o\000g\000r\000a\000f\000i\000c\000k\000\351\000\040\000a\000\040\000j\000a\000z\000y\000k\000o\000v\000\351\000\040\000z\000\341\000s\000a\000d\000y}{}% 31
\BOOKMARK [1][-]{section.5.1}{\376\377\000C\000o\000\040\000t\000o\000\040\000j\000e\000\040\000n\000o\000r\000m\000o\000v\000a\000n\000\341\000\040\000s\000t\000r\000\341\000n\000k\000a\000?}{chapter.5}% 32
\BOOKMARK [0][-]{chapter.6}{\376\377\000Z\000\341\000v\001\033\000r}{}% 33
\BOOKMARK [0][-]{chapter*.2}{\376\377\000L\000i\000t\000e\000r\000a\000t\000u\000r\000a}{}% 34
\BOOKMARK [0][-]{appendix.A}{\376\377\000J\000a\000k\000\040\000p\000r\000a\000c\000o\000v\000a\000t\000\040\000s\000\040\000t\000o\000u\000t\000o\000\040\001\141\000a\000b\000l\000o\000n\000o\000u}{}% 35
